<?xml version="1.0" encoding="UTF-8"?>
<!-- Generated by org.testng.reporters.JUnitReportReporter -->
<testsuite hostname="Amy-PC" failures="0" tests="3" name="appl.tests.SpaceXTests" time="3.983" errors="0" timestamp="11 Nov 2022 20:13:27 GMT" skipped="0">
  <testcase classname="appl.tests.SpaceXTests" name="TC003_validateLaunchLandings" time="0.950"/>
  <testcase classname="appl.tests.SpaceXTests" name="TC002_validateRocketDetails" time="0.964"/>
  <testcase classname="appl.tests.SpaceXTests" name="TC001_validateResponseAndContent" time="2.069"/>
</testsuite> <!-- appl.tests.SpaceXTests -->
