<?xml version="1.0" encoding="UTF-8"?>
<!-- Generated by org.testng.reporters.JUnitReportReporter -->
<testsuite hostname="Amy-PC" failures="0" tests="3" name="appl.tests.SpaceXTests" time="3.510" errors="0" timestamp="11 Nov 2022 19:01:39 GMT" skipped="2">
  <testcase classname="appl.tests.SpaceXTests" name="TC001_validateResponseAndContent" time="3.510"/>
  <testcase classname="appl.tests.SpaceXTests" name="TC002_validateRocketDetails">
    <skipped/>
  </testcase> <!-- TC002_validateRocketDetails -->
  <testcase classname="appl.tests.SpaceXTests" name="TC003_validateLaunchLandings">
    <skipped/>
  </testcase> <!-- TC003_validateLaunchLandings -->
</testsuite> <!-- appl.tests.SpaceXTests -->
